Starting preprocessing of the model file ...
Found 33 equation(s).
Evaluating expressions...done
Computing static model derivatives (order 1).
Computing dynamic model derivatives (order 1).
Processing outputs ...
done
Preprocessing completed.

STEADY-STATE RESULTS:

n          		 28.0056
c          		 1115.6
lambda_tau 		 8.28914
tau        		 0
I          		 0
T          		 0
S          		 1
R          		 0
D          		 0
C          		 0
N          		 0
Ui         		 8296.66
Us         		 8304.96
Ur         		 8304.96
dD         		 0
c1         		 123.956
c1_dev     		 0
c2         		 123.956
c2_dev     		 0
c3         		 123.956
c3_dev     		 0
c4         		 123.956
c4_dev     		 0
c5         		 123.956
c5_dev     		 0
c6         		 123.956
c6_dev     		 0
c7         		 123.956
c7_dev     		 0
c8         		 123.956
c8_dev     		 0
c9         		 123.956
c9_dev     		 0

EIGENVALUES:
         Modulus             Real        Imaginary

       1.191e-17        1.191e-17                0
               1                1                0
               1                1                0
               1                1                0
           1.001            1.001                0
           1.001            1.001                0
           2.565            2.565                0
           3.336            3.336                0


There are 4 eigenvalue(s) larger than 1 in modulus 
for 3 forward-looking variable(s)

The rank condition ISN'T verified!

pi_s = 1e-07
--------------------------------------------------------
MODEL SIMULATION :

Iter: 1,	 err. = 0.057545, 	 time = 0.092
Iter: 2,	 err. = 7.1528e-06, 	 time = 0.022

Total time of simulation: 0.12
--------------------------------------------------------

Perfect foresight solution found.

pi_s = 1.2e-07
--------------------------------------------------------
MODEL SIMULATION :

Iter: 1,	 err. = 0.011508, 	 time = 0.015
Iter: 2,	 err. = 2.7243e-07, 	 time = 0.015

Total time of simulation: 0.032
--------------------------------------------------------

Perfect foresight solution found.

pi_s = 1.4e-07
--------------------------------------------------------
MODEL SIMULATION :

Iter: 1,	 err. = 0.011508, 	 time = 0.015
Iter: 2,	 err. = 2.7241e-07, 	 time = 0.014

Total time of simulation: 0.031
--------------------------------------------------------

Perfect foresight solution found.

pi_s = 1.6e-07
--------------------------------------------------------
MODEL SIMULATION :

Iter: 1,	 err. = 0.011508, 	 time = 0.016
Iter: 2,	 err. = 2.7238e-07, 	 time = 0.015

Total time of simulation: 0.032
--------------------------------------------------------

Perfect foresight solution found.

pi_s = 1.8e-07
--------------------------------------------------------
MODEL SIMULATION :

Iter: 1,	 err. = 0.011507, 	 time = 0.015
Iter: 2,	 err. = 2.7235e-07, 	 time = 0.015

Total time of simulation: 0.032
--------------------------------------------------------

Perfect foresight solution found.

pi_s = 2e-07
--------------------------------------------------------
MODEL SIMULATION :

Iter: 1,	 err. = 0.011507, 	 time = 0.018
Iter: 2,	 err. = 2.7232e-07, 	 time = 0.015

Total time of simulation: 0.034
--------------------------------------------------------

Perfect foresight solution found.

pi_s = 2.2e-07
--------------------------------------------------------
MODEL SIMULATION :

Iter: 1,	 err. = 0.011507, 	 time = 0.016
Iter: 2,	 err. = 2.7228e-07, 	 time = 0.024

Total time of simulation: 0.041
--------------------------------------------------------

Perfect foresight solution found.

pi_s = 2.4e-07
--------------------------------------------------------
MODEL SIMULATION :

Iter: 1,	 err. = 0.011506, 	 time = 0.021
Iter: 2,	 err. = 2.7225e-07, 	 time = 0.015

Total time of simulation: 0.038
--------------------------------------------------------

Perfect foresight solution found.

pi_s = 2.6e-07
--------------------------------------------------------
MODEL SIMULATION :

Iter: 1,	 err. = 0.011506, 	 time = 0.021
Iter: 2,	 err. = 2.722e-07, 	 time = 0.022

Total time of simulation: 0.045
--------------------------------------------------------

Perfect foresight solution found.

pi_s = 2.8e-07
--------------------------------------------------------
MODEL SIMULATION :

Iter: 1,	 err. = 0.011505, 	 time = 0.016
Iter: 2,	 err. = 2.7829e-07, 	 time = 0.015

Total time of simulation: 0.033
--------------------------------------------------------

Perfect foresight solution found.

pi_s = 3e-07
--------------------------------------------------------
MODEL SIMULATION :

Iter: 1,	 err. = 0.011752, 	 time = 0.016
Iter: 2,	 err. = 3.1191e-07, 	 time = 0.016

Total time of simulation: 0.033
--------------------------------------------------------

Perfect foresight solution found.

pi_s = 3.2e-07
--------------------------------------------------------
MODEL SIMULATION :

Iter: 1,	 err. = 0.012324, 	 time = 0.016
Iter: 2,	 err. = 3.536e-07, 	 time = 0.014

Total time of simulation: 0.032
--------------------------------------------------------

Perfect foresight solution found.

pi_s = 3.4e-07
--------------------------------------------------------
MODEL SIMULATION :

Iter: 1,	 err. = 0.012895, 	 time = 0.016
Iter: 2,	 err. = 4.2778e-07, 	 time = 0.015

Total time of simulation: 0.033
--------------------------------------------------------

Perfect foresight solution found.

pi_s = 3.6e-07
--------------------------------------------------------
MODEL SIMULATION :

Iter: 1,	 err. = 0.013587, 	 time = 0.016
Iter: 2,	 err. = 5.3851e-07, 	 time = 0.018

Total time of simulation: 0.036
--------------------------------------------------------

Perfect foresight solution found.

pi_s = 3.8e-07
--------------------------------------------------------
MODEL SIMULATION :

Iter: 1,	 err. = 0.014697, 	 time = 0.015
Iter: 2,	 err. = 7.441e-07, 	 time = 0.015

Total time of simulation: 0.031
--------------------------------------------------------

Perfect foresight solution found.

pi_s = 4e-07
--------------------------------------------------------
MODEL SIMULATION :

Iter: 1,	 err. = 0.015887, 	 time = 0.018
Iter: 2,	 err. = 1.1361e-06, 	 time = 0.015

Total time of simulation: 0.034
--------------------------------------------------------

Perfect foresight solution found.

pi_s = 4.2e-07
--------------------------------------------------------
MODEL SIMULATION :

Iter: 1,	 err. = 0.017656, 	 time = 0.015
Iter: 2,	 err. = 1.8135e-06, 	 time = 0.015

Total time of simulation: 0.031
--------------------------------------------------------

Perfect foresight solution found.

pi_s = 4.4e-07
--------------------------------------------------------
MODEL SIMULATION :

Iter: 1,	 err. = 0.019905, 	 time = 0.015
Iter: 2,	 err. = 3.0772e-06, 	 time = 0.014

Total time of simulation: 0.031
--------------------------------------------------------

Perfect foresight solution found.

pi_s = 4.6e-07
--------------------------------------------------------
MODEL SIMULATION :

Iter: 1,	 err. = 0.022985, 	 time = 0.017
Iter: 2,	 err. = 5.6804e-06, 	 time = 0.022

Total time of simulation: 0.041
--------------------------------------------------------

Perfect foresight solution found.

pi_s = 4.8e-07
--------------------------------------------------------
MODEL SIMULATION :

Iter: 1,	 err. = 0.027429, 	 time = 0.016
Iter: 2,	 err. = 1.1839e-05, 	 time = 0.015
Iter: 3,	 err. = 1.4502e-11, 	 time = 0.018

Total time of simulation: 0.051
--------------------------------------------------------

Perfect foresight solution found.

pi_s = 5e-07
--------------------------------------------------------
MODEL SIMULATION :

Iter: 1,	 err. = 0.034422, 	 time = 0.015
Iter: 2,	 err. = 2.9789e-05, 	 time = 0.014
Iter: 3,	 err. = 3.8979e-11, 	 time = 0.016

Total time of simulation: 0.048
--------------------------------------------------------

Perfect foresight solution found.

pi_s = 5.2e-07
--------------------------------------------------------
MODEL SIMULATION :

Iter: 1,	 err. = 0.046744, 	 time = 0.016
Iter: 2,	 err. = 0.00010357, 	 time = 0.017
Iter: 3,	 err. = 9.2438e-10, 	 time = 0.015

Total time of simulation: 0.05
--------------------------------------------------------

Perfect foresight solution found.

pi_s = 5.4e-07
--------------------------------------------------------
MODEL SIMULATION :

Iter: 1,	 err. = 0.074356, 	 time = 0.015
Iter: 2,	 err. = 0.0007065, 	 time = 0.015
Iter: 3,	 err. = 1.0689e-07, 	 time = 0.015

Total time of simulation: 0.047
--------------------------------------------------------

Perfect foresight solution found.

pi_s = 5.6e-07
--------------------------------------------------------
MODEL SIMULATION :

Iter: 1,	 err. = 0.19528, 	 time = 0.015
Iter: 2,	 err. = 0.018336, 	 time = 0.014
Iter: 3,	 err. = 3.2408e-05, 	 time = 0.015
Iter: 4,	 err. = 2.8197e-11, 	 time = 0.015

Total time of simulation: 0.062
--------------------------------------------------------

Perfect foresight solution found.

pi_s = 5.8e-07
--------------------------------------------------------
MODEL SIMULATION :

Iter: 1,	 err. = 1.8455, 	 time = 0.016
Iter: 2,	 err. = 0.52083, 	 time = 0.015
Iter: 3,	 err. = 0.011959, 	 time = 0.015
Iter: 4,	 err. = 2.0039e-06, 	 time = 0.015

Total time of simulation: 0.063
--------------------------------------------------------

Perfect foresight solution found.

pi_s = 6e-07
--------------------------------------------------------
MODEL SIMULATION :

Iter: 1,	 err. = 11.0165, 	 time = 0.015
Iter: 2,	 err. = 5.82, 	 time = 0.015
Iter: 3,	 err. = 1.218, 	 time = 0.015
Iter: 4,	 err. = 0.01914, 	 time = 0.014
Iter: 5,	 err. = 2.2385e-06, 	 time = 0.015

Total time of simulation: 0.078
--------------------------------------------------------

Perfect foresight solution found.

pi_s = 6.2e-07
--------------------------------------------------------
MODEL SIMULATION :

Iter: 1,	 err. = 17.0975, 	 time = 0.019
Iter: 2,	 err. = 9.4448, 	 time = 0.023
Iter: 3,	 err. = 4.7421, 	 time = 0.015
Iter: 4,	 err. = 0.73897, 	 time = 0.015
Iter: 5,	 err. = 0.0060371, 	 time = 0.014
Iter: 6,	 err. = 2.1558e-07, 	 time = 0.019

Total time of simulation: 0.11
--------------------------------------------------------

Perfect foresight solution found.

pi_s = 6.4e-07
--------------------------------------------------------
MODEL SIMULATION :

Iter: 1,	 err. = 16.4259, 	 time = 0.016
Iter: 2,	 err. = 8.5795, 	 time = 0.015
Iter: 3,	 err. = 2.9333, 	 time = 0.015
Iter: 4,	 err. = 0.34536, 	 time = 0.014
Iter: 5,	 err. = 0.0047472, 	 time = 0.019
Iter: 6,	 err. = 4.091e-07, 	 time = 0.016

Total time of simulation: 0.1
--------------------------------------------------------

Perfect foresight solution found.

pi_s = 6.6e-07
--------------------------------------------------------
MODEL SIMULATION :

Iter: 1,	 err. = 16.7742, 	 time = 0.022
Iter: 2,	 err. = 7.9749, 	 time = 0.023
Iter: 3,	 err. = 1.8203, 	 time = 0.015
Iter: 4,	 err. = 0.094987, 	 time = 0.015
Iter: 5,	 err. = 0.00026909, 	 time = 0.021
Iter: 6,	 err. = 2.346e-09, 	 time = 0.018

Total time of simulation: 0.118
--------------------------------------------------------

Perfect foresight solution found.

pi_s = 6.8e-07
--------------------------------------------------------
MODEL SIMULATION :

Iter: 1,	 err. = 17.2637, 	 time = 0.015
Iter: 2,	 err. = 7.4216, 	 time = 0.014
Iter: 3,	 err. = 1.1642, 	 time = 0.016
Iter: 4,	 err. = 0.030046, 	 time = 0.015
Iter: 5,	 err. = 2.0362e-05, 	 time = 0.015
Iter: 6,	 err. = 4.6548e-11, 	 time = 0.015

Total time of simulation: 0.093
--------------------------------------------------------

Perfect foresight solution found.

pi_s = 7e-07
--------------------------------------------------------
MODEL SIMULATION :

Iter: 1,	 err. = 17.6871, 	 time = 0.016
Iter: 2,	 err. = 6.8568, 	 time = 0.015
Iter: 3,	 err. = 0.77095, 	 time = 0.014
Iter: 4,	 err. = 0.010979, 	 time = 0.021
Iter: 5,	 err. = 2.1157e-06, 	 time = 0.016

Total time of simulation: 0.085
--------------------------------------------------------

Perfect foresight solution found.

pi_s = 7.2e-07
--------------------------------------------------------
MODEL SIMULATION :

Iter: 1,	 err. = 17.9727, 	 time = 0.015
Iter: 2,	 err. = 6.3038, 	 time = 0.022
Iter: 3,	 err. = 0.52949, 	 time = 0.016
Iter: 4,	 err. = 0.0044949, 	 time = 0.019
Iter: 5,	 err. = 2.8388e-07, 	 time = 0.014

Total time of simulation: 0.089
--------------------------------------------------------

Perfect foresight solution found.

pi_s = 7.4e-07
--------------------------------------------------------
MODEL SIMULATION :

Iter: 1,	 err. = 18.1394, 	 time = 0.022
Iter: 2,	 err. = 5.7978, 	 time = 0.015
Iter: 3,	 err. = 0.37633, 	 time = 0.014
Iter: 4,	 err. = 0.002011, 	 time = 0.014
Iter: 5,	 err. = 4.6703e-08, 	 time = 0.014

Total time of simulation: 0.081
--------------------------------------------------------

Perfect foresight solution found.

pi_s = 7.6e-07
--------------------------------------------------------
MODEL SIMULATION :

Iter: 1,	 err. = 18.3269, 	 time = 0.015
Iter: 2,	 err. = 5.3269, 	 time = 0.016
Iter: 3,	 err. = 0.27536, 	 time = 0.014
Iter: 4,	 err. = 0.00095999, 	 time = 0.015
Iter: 5,	 err. = 8.9971e-09, 	 time = 0.014

Total time of simulation: 0.077
--------------------------------------------------------

Perfect foresight solution found.

pi_s = 7.8e-07
--------------------------------------------------------
MODEL SIMULATION :

Iter: 1,	 err. = 18.3968, 	 time = 0.014
Iter: 2,	 err. = 4.9329, 	 time = 0.014
Iter: 3,	 err. = 0.20619, 	 time = 0.014
Iter: 4,	 err. = 0.00048451, 	 time = 0.014
Iter: 5,	 err. = 1.9881e-09, 	 time = 0.014

Total time of simulation: 0.073
--------------------------------------------------------

Perfect foresight solution found.

pi_s = 8e-07
--------------------------------------------------------
MODEL SIMULATION :

Iter: 1,	 err. = 18.4593, 	 time = 0.014
Iter: 2,	 err. = 4.5658, 	 time = 0.016
Iter: 3,	 err. = 0.15714, 	 time = 0.015
Iter: 4,	 err. = 0.0002544, 	 time = 0.014
Iter: 5,	 err. = 5.3885e-10, 	 time = 0.013

Total time of simulation: 0.075
--------------------------------------------------------

Perfect foresight solution found.

pi_s = 8.2e-07
--------------------------------------------------------
MODEL SIMULATION :

Iter: 1,	 err. = 18.4025, 	 time = 0.022
Iter: 2,	 err. = 4.2175, 	 time = 0.018
Iter: 3,	 err. = 0.12162, 	 time = 0.016
Iter: 4,	 err. = 0.00014038, 	 time = 0.02
Iter: 5,	 err. = 1.518e-10, 	 time = 0.021

Total time of simulation: 0.099
--------------------------------------------------------

Perfect foresight solution found.

pi_s = 8.4e-07
--------------------------------------------------------
MODEL SIMULATION :

Iter: 1,	 err. = 18.4496, 	 time = 0.014
Iter: 2,	 err. = 3.9464, 	 time = 0.013
Iter: 3,	 err. = 0.096325, 	 time = 0.018
Iter: 4,	 err. = 7.9479e-05, 	 time = 0.014
Iter: 5,	 err. = 8.017e-11, 	 time = 0.016

Total time of simulation: 0.078
--------------------------------------------------------

Perfect foresight solution found.

pi_s = 8.6e-07
--------------------------------------------------------
MODEL SIMULATION :

Iter: 1,	 err. = 18.4078, 	 time = 0.014
Iter: 2,	 err. = 3.669, 	 time = 0.013
Iter: 3,	 err. = 0.076496, 	 time = 0.013
Iter: 4,	 err. = 4.6627e-05, 	 time = 0.018
Iter: 5,	 err. = 1.1413e-10, 	 time = 0.019

Total time of simulation: 0.082
--------------------------------------------------------

Perfect foresight solution found.

pi_s = 8.8e-07
--------------------------------------------------------
MODEL SIMULATION :

Iter: 1,	 err. = 18.3453, 	 time = 0.018
Iter: 2,	 err. = 3.4169, 	 time = 0.016
Iter: 3,	 err. = 0.061905, 	 time = 0.016
Iter: 4,	 err. = 2.7849e-05, 	 time = 0.017
Iter: 5,	 err. = 8.1669e-11, 	 time = 0.014

Total time of simulation: 0.083
--------------------------------------------------------

Perfect foresight solution found.

pi_s = 9e-07
--------------------------------------------------------
MODEL SIMULATION :

Iter: 1,	 err. = 18.2768, 	 time = 0.013
Iter: 2,	 err. = 3.2011, 	 time = 0.013
Iter: 3,	 err. = 0.050277, 	 time = 0.012
Iter: 4,	 err. = 1.7112e-05, 	 time = 0.012
Iter: 5,	 err. = 1.3268e-10, 	 time = 0.013

Total time of simulation: 0.067
--------------------------------------------------------

Perfect foresight solution found.

pi_s = 9.2e-07
--------------------------------------------------------
MODEL SIMULATION :

Iter: 1,	 err. = 18.1682, 	 time = 0.015
Iter: 2,	 err. = 3.0185, 	 time = 0.015
Iter: 3,	 err. = 0.041177, 	 time = 0.013
Iter: 4,	 err. = 1.0639e-05, 	 time = 0.013
Iter: 5,	 err. = 1.4952e-10, 	 time = 0.014

Total time of simulation: 0.073
--------------------------------------------------------

Perfect foresight solution found.

pi_s = 9.4e-07
--------------------------------------------------------
MODEL SIMULATION :

Iter: 1,	 err. = 17.9416, 	 time = 0.014
Iter: 2,	 err. = 2.8571, 	 time = 0.012
Iter: 3,	 err. = 0.034023, 	 time = 0.013
Iter: 4,	 err. = 6.7087e-06, 	 time = 0.014

Total time of simulation: 0.055
--------------------------------------------------------

Perfect foresight solution found.

pi_s = 9.6e-07
--------------------------------------------------------
MODEL SIMULATION :

Iter: 1,	 err. = 17.9423, 	 time = 0.013
Iter: 2,	 err. = 2.6984, 	 time = 0.013
Iter: 3,	 err. = 0.02827, 	 time = 0.013
Iter: 4,	 err. = 4.2786e-06, 	 time = 0.013

Total time of simulation: 0.054
--------------------------------------------------------

Perfect foresight solution found.

pi_s = 9.8e-07
--------------------------------------------------------
MODEL SIMULATION :

Iter: 1,	 err. = 17.8461, 	 time = 0.013
Iter: 2,	 err. = 2.52, 	 time = 0.012
Iter: 3,	 err. = 0.023465, 	 time = 0.013
Iter: 4,	 err. = 2.7392e-06, 	 time = 0.012

Total time of simulation: 0.054
--------------------------------------------------------

Perfect foresight solution found.

pi_s = 1e-06
--------------------------------------------------------
MODEL SIMULATION :

Iter: 1,	 err. = 17.6108, 	 time = 0.013
Iter: 2,	 err. = 2.4122, 	 time = 0.013
Iter: 3,	 err. = 0.019614, 	 time = 0.013
Iter: 4,	 err. = 1.7414e-06, 	 time = 0.013

Total time of simulation: 0.054
--------------------------------------------------------

Perfect foresight solution found.

pi_s = 1.02e-06
--------------------------------------------------------
MODEL SIMULATION :

Iter: 1,	 err. = 17.62, 	 time = 0.012
Iter: 2,	 err. = 2.2813, 	 time = 0.013
Iter: 3,	 err. = 0.016783, 	 time = 0.013
Iter: 4,	 err. = 1.3097e-06, 	 time = 0.012

Total time of simulation: 0.054
--------------------------------------------------------

Perfect foresight solution found.

pi_s = 1.04e-06
--------------------------------------------------------
MODEL SIMULATION :

Iter: 1,	 err. = 17.3631, 	 time = 0.013
Iter: 2,	 err. = 2.1668, 	 time = 0.012
Iter: 3,	 err. = 0.014097, 	 time = 0.013
Iter: 4,	 err. = 1.0106e-06, 	 time = 0.013

Total time of simulation: 0.054
--------------------------------------------------------

Perfect foresight solution found.

pi_s = 1.06e-06
--------------------------------------------------------
MODEL SIMULATION :

Iter: 1,	 err. = 17.3289, 	 time = 0.013
Iter: 2,	 err. = 2.0606, 	 time = 0.013
Iter: 3,	 err. = 0.012076, 	 time = 0.013
Iter: 4,	 err. = 8.1391e-07, 	 time = 0.013

Total time of simulation: 0.054
--------------------------------------------------------

Perfect foresight solution found.

pi_s = 1.08e-06
--------------------------------------------------------
MODEL SIMULATION :

Iter: 1,	 err. = 17.2032, 	 time = 0.013
Iter: 2,	 err. = 1.9692, 	 time = 0.012
Iter: 3,	 err. = 0.010331, 	 time = 0.013
Iter: 4,	 err. = 6.255e-07, 	 time = 0.012

Total time of simulation: 0.054
--------------------------------------------------------

Perfect foresight solution found.

pi_s = 1.1e-06
--------------------------------------------------------
MODEL SIMULATION :

Iter: 1,	 err. = 16.8756, 	 time = 0.013
Iter: 2,	 err. = 1.8537, 	 time = 0.013
Iter: 3,	 err. = 0.0088529, 	 time = 0.013
Iter: 4,	 err. = 5.2189e-07, 	 time = 0.013

Total time of simulation: 0.054
--------------------------------------------------------

Perfect foresight solution found.

pi_s = 1.12e-06
--------------------------------------------------------
MODEL SIMULATION :

Iter: 1,	 err. = 16.9824, 	 time = 0.013
Iter: 2,	 err. = 1.8009, 	 time = 0.013
Iter: 3,	 err. = 0.0076386, 	 time = 0.011
Iter: 4,	 err. = 4.1884e-07, 	 time = 0.013

Total time of simulation: 0.053
--------------------------------------------------------

Perfect foresight solution found.

pi_s = 1.14e-06
--------------------------------------------------------
MODEL SIMULATION :

Iter: 1,	 err. = 16.7721, 	 time = 0.013
Iter: 2,	 err. = 1.6985, 	 time = 0.013
Iter: 3,	 err. = 0.0066228, 	 time = 0.014
Iter: 4,	 err. = 3.3455e-07, 	 time = 0.014

Total time of simulation: 0.055
--------------------------------------------------------

Perfect foresight solution found.

pi_s = 1.16e-06
--------------------------------------------------------
MODEL SIMULATION :

Iter: 1,	 err. = 16.4242, 	 time = 0.013
Iter: 2,	 err. = 1.6296, 	 time = 0.013
Iter: 3,	 err. = 0.0056889, 	 time = 0.013
Iter: 4,	 err. = 2.9302e-07, 	 time = 0.013

Total time of simulation: 0.054
--------------------------------------------------------

Perfect foresight solution found.

pi_s = 1.18e-06
--------------------------------------------------------
MODEL SIMULATION :

Iter: 1,	 err. = 16.5632, 	 time = 0.013
Iter: 2,	 err. = 1.5813, 	 time = 0.013
Iter: 3,	 err. = 0.0050369, 	 time = 0.013
Iter: 4,	 err. = 2.3045e-07, 	 time = 0.013

Total time of simulation: 0.054
--------------------------------------------------------

Perfect foresight solution found.

pi_s = 1.2e-06
--------------------------------------------------------
MODEL SIMULATION :

Iter: 1,	 err. = 16.4542, 	 time = 0.014
Iter: 2,	 err. = 1.498, 	 time = 0.013
Iter: 3,	 err. = 0.0042931, 	 time = 0.012
Iter: 4,	 err. = 1.9317e-07, 	 time = 0.012

Total time of simulation: 0.054
--------------------------------------------------------

Perfect foresight solution found.

pi_s = 1.22e-06
--------------------------------------------------------
MODEL SIMULATION :

Iter: 1,	 err. = 16.11, 	 time = 0.013
Iter: 2,	 err. = 1.4223, 	 time = 0.013
Iter: 3,	 err. = 0.0038691, 	 time = 0.013
Iter: 4,	 err. = 1.741e-07, 	 time = 0.013

Total time of simulation: 0.054
--------------------------------------------------------

Perfect foresight solution found.

pi_s = 1.24e-06
--------------------------------------------------------
MODEL SIMULATION :

Iter: 1,	 err. = 15.9489, 	 time = 0.013
Iter: 2,	 err. = 1.3976, 	 time = 0.013
Iter: 3,	 err. = 0.0034024, 	 time = 0.013
Iter: 4,	 err. = 1.4325e-07, 	 time = 0.012

Total time of simulation: 0.055
--------------------------------------------------------

Perfect foresight solution found.

pi_s = 1.26e-06
--------------------------------------------------------
MODEL SIMULATION :

Iter: 1,	 err. = 16.0554, 	 time = 0.013
Iter: 2,	 err. = 1.3464, 	 time = 0.013
Iter: 3,	 err. = 0.0029446, 	 time = 0.013
Iter: 4,	 err. = 1.0785e-07, 	 time = 0.013

Total time of simulation: 0.054
--------------------------------------------------------

Perfect foresight solution found.

pi_s = 1.28e-06
--------------------------------------------------------
MODEL SIMULATION :

Iter: 1,	 err. = 15.9743, 	 time = 0.014
Iter: 2,	 err. = 1.273, 	 time = 0.013
Iter: 3,	 err. = 0.0027193, 	 time = 0.012
Iter: 4,	 err. = 1.0394e-07, 	 time = 0.013

Total time of simulation: 0.055
--------------------------------------------------------

Perfect foresight solution found.

pi_s = 1.3e-06
--------------------------------------------------------
MODEL SIMULATION :

Iter: 1,	 err. = 15.7143, 	 time = 0.013
Iter: 2,	 err. = 1.2144, 	 time = 0.013
Iter: 3,	 err. = 0.0024497, 	 time = 0.012
Iter: 4,	 err. = 9.4367e-08, 	 time = 0.013

Total time of simulation: 0.053
--------------------------------------------------------

Perfect foresight solution found.

pi_s = 1.32e-06
--------------------------------------------------------
MODEL SIMULATION :

Iter: 1,	 err. = 15.2916, 	 time = 0.013
Iter: 2,	 err. = 1.2003, 	 time = 0.013
Iter: 3,	 err. = 0.00218, 	 time = 0.013
Iter: 4,	 err. = 7.951e-08, 	 time = 0.013

Total time of simulation: 0.054
--------------------------------------------------------

Perfect foresight solution found.

pi_s = 1.34e-06
--------------------------------------------------------
MODEL SIMULATION :

Iter: 1,	 err. = 15.3609, 	 time = 0.013
Iter: 2,	 err. = 1.1679, 	 time = 0.013
Iter: 3,	 err. = 0.0019841, 	 time = 0.012
Iter: 4,	 err. = 6.2252e-08, 	 time = 0.012

Total time of simulation: 0.053
--------------------------------------------------------

Perfect foresight solution found.

pi_s = 1.36e-06
--------------------------------------------------------
MODEL SIMULATION :

Iter: 1,	 err. = 15.4531, 	 time = 0.013
Iter: 2,	 err. = 1.1194, 	 time = 0.013
Iter: 3,	 err. = 0.0018871, 	 time = 0.013
Iter: 4,	 err. = 5.3854e-08, 	 time = 0.013

Total time of simulation: 0.054
--------------------------------------------------------

Perfect foresight solution found.

pi_s = 1.38e-06
--------------------------------------------------------
MODEL SIMULATION :

Iter: 1,	 err. = 15.4077, 	 time = 0.013
Iter: 2,	 err. = 1.0576, 	 time = 0.013
Iter: 3,	 err. = 0.0017999, 	 time = 0.013
Iter: 4,	 err. = 5.2499e-08, 	 time = 0.013

Total time of simulation: 0.055
--------------------------------------------------------

Perfect foresight solution found.

pi_s = 1.4e-06
--------------------------------------------------------
MODEL SIMULATION :

Iter: 1,	 err. = 15.2296, 	 time = 0.013
Iter: 2,	 err. = 1.0138, 	 time = 0.014
Iter: 3,	 err. = 0.0016691, 	 time = 0.013
Iter: 4,	 err. = 4.8366e-08, 	 time = 0.014

Total time of simulation: 0.055
--------------------------------------------------------

Perfect foresight solution found.

pi_s = 1.42e-06
--------------------------------------------------------
MODEL SIMULATION :

Iter: 1,	 err. = 14.9283, 	 time = 0.013
Iter: 2,	 err. = 1.0081, 	 time = 0.013
Iter: 3,	 err. = 0.0015066, 	 time = 0.012
Iter: 4,	 err. = 4.2058e-08, 	 time = 0.013

Total time of simulation: 0.053
--------------------------------------------------------

Perfect foresight solution found.

pi_s = 1.44e-06
--------------------------------------------------------
MODEL SIMULATION :

Iter: 1,	 err. = 14.5168, 	 time = 0.014
Iter: 2,	 err. = 0.99022, 	 time = 0.013
Iter: 3,	 err. = 0.0013318, 	 time = 0.013
Iter: 4,	 err. = 3.441e-08, 	 time = 0.012

Total time of simulation: 0.055
--------------------------------------------------------

Perfect foresight solution found.

pi_s = 1.46e-06
--------------------------------------------------------
MODEL SIMULATION :

Iter: 1,	 err. = 14.5891, 	 time = 0.013
Iter: 2,	 err. = 0.96117, 	 time = 0.013
Iter: 3,	 err. = 0.0012436, 	 time = 0.013
Iter: 4,	 err. = 2.6579e-08, 	 time = 0.013

Total time of simulation: 0.054
--------------------------------------------------------

Perfect foresight solution found.

pi_s = 1.48e-06
--------------------------------------------------------
MODEL SIMULATION :

Iter: 1,	 err. = 14.7223, 	 time = 0.013
Iter: 2,	 err. = 0.92237, 	 time = 0.013
Iter: 3,	 err. = 0.0012287, 	 time = 0.013
Iter: 4,	 err. = 2.4777e-08, 	 time = 0.013

Total time of simulation: 0.055
--------------------------------------------------------

Perfect foresight solution found.

pi_s = 1.5e-06
--------------------------------------------------------
MODEL SIMULATION :

Iter: 1,	 err. = 14.7579, 	 time = 0.013
Iter: 2,	 err. = 0.87556, 	 time = 0.013
Iter: 3,	 err. = 0.0011877, 	 time = 0.014
Iter: 4,	 err. = 2.4873e-08, 	 time = 0.014

Total time of simulation: 0.055
--------------------------------------------------------

Perfect foresight solution found.

pi_s = 1.52e-06
--------------------------------------------------------
MODEL SIMULATION :

Iter: 1,	 err. = 14.6967, 	 time = 0.013
Iter: 2,	 err. = 0.8226, 	 time = 0.013
Iter: 3,	 err. = 0.0011235, 	 time = 0.013
Iter: 4,	 err. = 2.387e-08, 	 time = 0.013

Total time of simulation: 0.055
--------------------------------------------------------

Perfect foresight solution found.

pi_s = 1.54e-06
--------------------------------------------------------
MODEL SIMULATION :

Iter: 1,	 err. = 14.5423, 	 time = 0.013
Iter: 2,	 err. = 0.82395, 	 time = 0.013
Iter: 3,	 err. = 0.0010406, 	 time = 0.013
Iter: 4,	 err. = 2.192e-08, 	 time = 0.013

Total time of simulation: 0.054
--------------------------------------------------------

Perfect foresight solution found.

pi_s = 1.56e-06
--------------------------------------------------------
MODEL SIMULATION :

Iter: 1,	 err. = 14.3008, 	 time = 0.013
Iter: 2,	 err. = 0.81992, 	 time = 0.013
Iter: 3,	 err. = 0.0009443, 	 time = 0.013
Iter: 4,	 err. = 1.9276e-08, 	 time = 0.014

Total time of simulation: 0.053
--------------------------------------------------------

Perfect foresight solution found.

pi_s = 1.58e-06
--------------------------------------------------------
MODEL SIMULATION :

Iter: 1,	 err. = 13.9801, 	 time = 0.014
Iter: 2,	 err. = 0.80843, 	 time = 0.013
Iter: 3,	 err. = 0.00087418, 	 time = 0.013
Iter: 4,	 err. = 1.6093e-08, 	 time = 0.014

Total time of simulation: 0.056
--------------------------------------------------------

Perfect foresight solution found.

pi_s = 1.6e-06
--------------------------------------------------------
MODEL SIMULATION :

Iter: 1,	 err. = 13.5899, 	 time = 0.014
Iter: 2,	 err. = 0.78995, 	 time = 0.013
Iter: 3,	 err. = 0.00080544, 	 time = 0.013
Iter: 4,	 err. = 1.3927e-08, 	 time = 0.013

Total time of simulation: 0.054
--------------------------------------------------------

Perfect foresight solution found.

pi_s = 1.62e-06
--------------------------------------------------------
MODEL SIMULATION :

Iter: 1,	 err. = 13.6827, 	 time = 0.013
Iter: 2,	 err. = 0.76517, 	 time = 0.013
Iter: 3,	 err. = 0.00075192, 	 time = 0.013
Iter: 4,	 err. = 1.3275e-08, 	 time = 0.013

Total time of simulation: 0.055
--------------------------------------------------------

Perfect foresight solution found.

pi_s = 1.64e-06
--------------------------------------------------------
MODEL SIMULATION :

Iter: 1,	 err. = 13.8476, 	 time = 0.014
Iter: 2,	 err. = 0.73495, 	 time = 0.014
Iter: 3,	 err. = 0.00074932, 	 time = 0.016
Iter: 4,	 err. = 1.1912e-08, 	 time = 0.013

Total time of simulation: 0.058
--------------------------------------------------------

Perfect foresight solution found.

pi_s = 1.66e-06
--------------------------------------------------------
MODEL SIMULATION :

Iter: 1,	 err. = 13.9468, 	 time = 0.014
Iter: 2,	 err. = 0.70025, 	 time = 0.013
Iter: 3,	 err. = 0.00073503, 	 time = 0.012
Iter: 4,	 err. = 1.081e-08, 	 time = 0.013

Total time of simulation: 0.053
--------------------------------------------------------

Perfect foresight solution found.

pi_s = 1.68e-06
--------------------------------------------------------
MODEL SIMULATION :

Iter: 1,	 err. = 13.9792, 	 time = 0.014
Iter: 2,	 err. = 0.66209, 	 time = 0.013
Iter: 3,	 err. = 0.00070973, 	 time = 0.013
Iter: 4,	 err. = 1.0443e-08, 	 time = 0.013

Total time of simulation: 0.054
--------------------------------------------------------

Perfect foresight solution found.

pi_s = 1.7e-06
--------------------------------------------------------
MODEL SIMULATION :

Iter: 1,	 err. = 13.945, 	 time = 0.013
Iter: 2,	 err. = 0.64404, 	 time = 0.013
Iter: 3,	 err. = 0.00067462, 	 time = 0.013
Iter: 4,	 err. = 1.004e-08, 	 time = 0.014

Total time of simulation: 0.054
--------------------------------------------------------

Perfect foresight solution found.

pi_s = 1.72e-06
--------------------------------------------------------
MODEL SIMULATION :

Iter: 1,	 err. = 13.8459, 	 time = 0.013
Iter: 2,	 err. = 0.6483, 	 time = 0.013
Iter: 3,	 err. = 0.00063136, 	 time = 0.013
Iter: 4,	 err. = 9.4107e-09, 	 time = 0.013

Total time of simulation: 0.054
--------------------------------------------------------

Perfect foresight solution found.

pi_s = 1.74e-06
--------------------------------------------------------
MODEL SIMULATION :

Iter: 1,	 err. = 13.6848, 	 time = 0.013
Iter: 2,	 err. = 0.64819, 	 time = 0.012
Iter: 3,	 err. = 0.00062148, 	 time = 0.013
Iter: 4,	 err. = 8.5146e-09, 	 time = 0.013

Total time of simulation: 0.053
--------------------------------------------------------

Perfect foresight solution found.

pi_s = 1.76e-06
--------------------------------------------------------
MODEL SIMULATION :

Iter: 1,	 err. = 13.4659, 	 time = 0.012
Iter: 2,	 err. = 0.64371, 	 time = 0.012
Iter: 3,	 err. = 0.00059982, 	 time = 0.013
Iter: 4,	 err. = 8.156e-09, 	 time = 0.013

Total time of simulation: 0.053
--------------------------------------------------------

Perfect foresight solution found.

pi_s = 1.78e-06
--------------------------------------------------------
MODEL SIMULATION :

Iter: 1,	 err. = 13.1943, 	 time = 0.013
Iter: 2,	 err. = 0.63496, 	 time = 0.013
Iter: 3,	 err. = 0.00056428, 	 time = 0.013
Iter: 4,	 err. = 7.6706e-09, 	 time = 0.013

Total time of simulation: 0.054
--------------------------------------------------------

Perfect foresight solution found.

pi_s = 1.8e-06
--------------------------------------------------------
MODEL SIMULATION :

Iter: 1,	 err. = 12.8757, 	 time = 0.013
Iter: 2,	 err. = 0.62217, 	 time = 0.013
Iter: 3,	 err. = 0.00051624, 	 time = 0.013
Iter: 4,	 err. = 7.5546e-09, 	 time = 0.013

Total time of simulation: 0.054
--------------------------------------------------------

Perfect foresight solution found.

[Warning: File not found or permission denied] 
[> In <a href="matlab:matlab.internal.language.introspective.errorDocCallback('clean_current_folder', 'C:\dynare\4.6.4\matlab\utilities\general\clean_current_folder.m', 29)" style="font-weight:bold">clean_current_folder</a> (<a href="matlab: opentoline('C:\dynare\4.6.4\matlab\utilities\general\clean_current_folder.m',29,0)">line 29</a>)
In <a href="matlab:matlab.internal.language.introspective.errorDocCallback('multisector.driver', 'E:\Shared drives\Untitled shared drive\MMB-epi\working file\mmb_rep\KUX20\KUX_PandemicMacro-master\+multisector\driver.m', 961)" style="font-weight:bold">multisector.driver</a> (<a href="matlab: opentoline('E:\Shared drives\Untitled shared drive\MMB-epi\working file\mmb_rep\KUX20\KUX_PandemicMacro-master\+multisector\driver.m',961,0)">line 961</a>)
In <a href="matlab:matlab.internal.language.introspective.errorDocCallback('dynare', 'C:\dynare\4.6.4\matlab\dynare.m', 293)" style="font-weight:bold">dynare</a> (<a href="matlab: opentoline('C:\dynare\4.6.4\matlab\dynare.m',293,0)">line 293</a>)] 
Total computing time : 0h00m08s
Note: warning(s) encountered in MATLAB/Octave code
